npm warn deprecated next@15.3.0: This version has a security vulnerability. Please upgrade to a patched version. See https://nextjs.org/blog/CVE-2025-66478 for more details.
npm warn cleanup Failed to remove some directories [
npm warn cleanup   [
npm warn cleanup     '\\\\?\\C:\\Users\\makei\\interstate-movers-usa\\node_modules\\unrs-resolver',
npm warn cleanup     [Error: EBUSY: resource busy or locked, rmdir 'C:\Users\makei\interstate-movers-usa\node_modules\unrs-resolver'] {
npm warn cleanup       errno: -4082,
npm warn cleanup       code: 'EBUSY',
npm warn cleanup       syscall: 'rmdir',
npm warn cleanup       path: 'C:\\Users\\makei\\interstate-movers-usa\\node_modules\\unrs-resolver'
npm warn cleanup     }
npm warn cleanup   ],
npm warn cleanup   [
npm warn cleanup     '\\\\?\\C:\\Users\\makei\\interstate-movers-usa\\node_modules',
npm warn cleanup     [Error: EPERM: operation not permitted, rmdir 'C:\Users\makei\interstate-movers-usa\node_modules\next\dist\client'] {
npm warn cleanup       errno: -4048,
npm warn cleanup       code: 'EPERM',
npm warn cleanup       syscall: 'rmdir',
npm warn cleanup       path: 'C:\\Users\\makei\\interstate-movers-usa\\node_modules\\next\\dist\\client'
npm warn cleanup     }
npm warn cleanup   ]
npm warn cleanup ]
npm error code 1
npm error path C:\Users\makei\interstate-movers-usa\node_modules\esbuild
npm error command failed
npm error command C:\WINDOWS\system32\cmd.exe /d /s /c node install.js
npm error 'node' is not recognized as an internal or external command,
npm error operable program or batch file.
npm notice
npm notice New minor version of npm available! 11.13.0 -> 11.16.0
npm notice Changelog: https://github.com/npm/cli/releases/tag/v11.16.0
npm notice To update run: npm install -g npm@11.16.0
npm notice
npm error A complete log of this run can be found in: C:\Users\makei\AppData\Local\npm-cache\_logs\2026-06-04T01_21_12_627Z-debug-0.log
